<?xml version="1.0" encoding="UTF-8"?>
<!-- Generated by org.testng.reporters.JUnitReportReporter -->
<testsuite hostname="Sujal-Mital-PC" name="PortillosAndroidTesting" tests="2" failures="0" timestamp="20 Apr 2020 17:05:02 GMT" time="60.642" errors="0">
  <testcase name="testForAddItemToCart" time="14.380" classname="PortillosAndroidTesting"/>
  <testcase name="testForPortillosLogin" time="46.262" classname="PortillosAndroidTesting"/>
</testsuite> <!-- PortillosAndroidTesting -->
